<?xml version="1.0" encoding="UTF-8"?>
<!-- Generated by org.testng.reporters.JUnitXMLReporter -->
<testsuite hostname="DESKTOP-E9P9NAA" name="Default test" tests="2" failures="0" timestamp="25 Jan 2017 13:44:53 GMT" time="0.395" errors="0">
  <testcase name="testAjouter" time="0.067" classname="fr.paris10.miage.procs.exercice2.calculatrice.tests.CalculatriceTest"/>
  <testcase name="testSoustraire" time="0.006" classname="fr.paris10.miage.procs.exercice2.calculatrice.tests.CalculatriceTest"/>
</testsuite> <!-- Default test -->
