<?xml version="1.0" encoding="UTF-8"?>
<testng-results skipped="0" failed="0" total="2" passed="2">
  <reporter-output>
  </reporter-output>
  <suite name="Default suite" duration-ms="395" started-at="2017-01-25T13:44:52Z" finished-at="2017-01-25T13:44:53Z">
    <groups>
    </groups>
    <test name="Default test" duration-ms="395" started-at="2017-01-25T13:44:52Z" finished-at="2017-01-25T13:44:53Z">
      <class name="fr.paris10.miage.procs.exercice2.calculatrice.tests.CalculatriceTest">
        <test-method status="PASS" signature="setUp()[pri:0, instance:fr.paris10.miage.procs.exercice2.calculatrice.tests.CalculatriceTest@50c87b21]" name="setUp" is-config="true" duration-ms="293" started-at="2017-01-25T14:44:52Z" finished-at="2017-01-25T14:44:53Z">
          <reporter-output>
          </reporter-output>
        </test-method> <!-- setUp -->
        <test-method status="PASS" signature="testAjouter()[pri:0, instance:fr.paris10.miage.procs.exercice2.calculatrice.tests.CalculatriceTest@50c87b21]" name="testAjouter" duration-ms="67" started-at="2017-01-25T14:44:53Z" finished-at="2017-01-25T14:44:53Z">
          <reporter-output>
          </reporter-output>
        </test-method> <!-- testAjouter -->
        <test-method status="PASS" signature="testSoustraire()[pri:0, instance:fr.paris10.miage.procs.exercice2.calculatrice.tests.CalculatriceTest@50c87b21]" name="testSoustraire" duration-ms="6" started-at="2017-01-25T14:44:53Z" finished-at="2017-01-25T14:44:53Z">
          <reporter-output>
          </reporter-output>
        </test-method> <!-- testSoustraire -->
        <test-method status="PASS" signature="tearDown()[pri:0, instance:fr.paris10.miage.procs.exercice2.calculatrice.tests.CalculatriceTest@50c87b21]" name="tearDown" is-config="true" duration-ms="0" started-at="2017-01-25T14:44:53Z" finished-at="2017-01-25T14:44:53Z">
          <reporter-output>
          </reporter-output>
        </test-method> <!-- tearDown -->
      </class> <!-- fr.paris10.miage.procs.exercice2.calculatrice.tests.CalculatriceTest -->
    </test> <!-- Default test -->
  </suite> <!-- Default suite -->
</testng-results>
